{"method":"post","url":"/v1/auth/signin","body":{"name":"Test User 515698","email":"test515698@3meters.com","password":"foobar","installId":"123456"}}
{"method":"post","url":"/v1/user/create","body":{"data":{"name":"Test User 515698","email":"test515698@3meters.com","password":"foobar"},"secret":"larissa","installId":"123456"}}
{"method":"post","url":"/v1/auth/signin","body":{"name":"Test Admin User","email":"admin","password":"admin","installId":"123456"}}
{"method":"post","url":"/v1/user/create","body":{"data":{"_id":"us.tarzan4123","name":"tarzan4123","email":"tarzan4123@3meters.com","password":"foobar"},"secret":"larissa","installId":"4123"}}
{"method":"post","url":"/v1/user/create","body":{"data":{"_id":"us.jane4123","name":"jane4123","email":"jane4123@3meters.com","password":"foobar"},"secret":"larissa","installId":"4123"}}
{"method":"post","url":"/v1/user/create","body":{"data":{"_id":"us.mary4123","name":"mary4123","email":"mary4123@3meters.com","password":"foobar"},"secret":"larissa","installId":"4123"}}
{"method":"post","url":"/v1/data/places?user=us.tarzan4123&session=42f74167411fcf563572f6ad8e30a423789d2bc9","body":{"data":{"_id":"pl.river4123","name":"River4123"}}}
{"method":"post","url":"/v1/data/places?user=us.tarzan4123&session=42f74167411fcf563572f6ad8e30a423789d2bc9","body":{"data":{"_id":"pl.treehouse4123","name":"Treehouse4123","visibility":"private"}}}
{"method":"post","url":"/v1/data/places?user=us.jane4123&session=102daeb4a7bf59ca1729ea65cfbd3ec11f74eeff","body":{"data":{"_id":"pl.janehouse4123","name":"Janehouse4123","visibility":"private"}}}
{"method":"post","url":"/v1/data/links?user=us.tarzan4123&session=42f74167411fcf563572f6ad8e30a423789d2bc9","body":{"data":{"_to":"pl.river4123","_from":"us.tarzan4123","type":"watch"}}}
{"method":"post","url":"/v1/do/insertEntity?user=us.tarzan4123&session=42f74167411fcf563572f6ad8e30a423789d2bc9","body":{"entity":{"schema":"message","_id":"me.tarzanToRiver4123","description":"Good water, bad crocs"},"links":[{"_to":"pl.river4123","type":"content"}]}}
{"method":"post","url":"/v1/do/insertEntity?user=us.tarzan4123&session=42f74167411fcf563572f6ad8e30a423789d2bc9","body":{"entity":{"schema":"message","_id":"me.tarzanToTreehouse4123","description":"Check out my hammock"},"links":[{"_to":"pl.treehouse4123","type":"content"}]}}
{"method":"post","url":"/v1/do/insertEntity?user=us.jane4123&session=102daeb4a7bf59ca1729ea65cfbd3ec11f74eeff","body":{"entity":{"schema":"message","_id":"me.janeToJanehouse4123","description":"Checkout my bed"},"links":[{"_to":"pl.janehouse4123","type":"content"}]}}
{"method":"post","url":"/v1/do/insertEntity?user=us.tarzan4123&session=42f74167411fcf563572f6ad8e30a423789d2bc9","body":{"entity":{"schema":"message","_id":"me.tarzanToJanehouse4123","description":"What is bed?"},"links":[{"_to":"pl.janehouse4123","type":"content"}]}}
{"method":"get","url":"/v1/find/messages/me.tarzanToRiver4123"}
{"method":"get","url":"/v1/find/messages/me.tarzanToRiver4123?user=us.tarzan4123&session=42f74167411fcf563572f6ad8e30a423789d2bc9"}
{"method":"get","url":"/v1/find/messages/me.tarzanToRiver4123?user=us.jane4123&session=102daeb4a7bf59ca1729ea65cfbd3ec11f74eeff"}
{"method":"get","url":"/v1/find/messages/me.tarzanToTreehouse4123?user=us.tarzan4123&session=42f74167411fcf563572f6ad8e30a423789d2bc9"}
{"method":"get","url":"/v1/find/messages/me.tarzanToTreehouse4123?user=us.jane4123&session=102daeb4a7bf59ca1729ea65cfbd3ec11f74eeff"}
{"method":"post","url":"/v1/do/getEntitiesForEntity","body":{"entityId":"pl.river4123","cursor":{"linkTypes":["watch"],"direction":"in"}}}
{"method":"post","url":"/v1/do/getEntitiesForEntity","body":{"entityId":"pl.river4123","cursor":{"linkTypes":["content"],"direction":"in"}}}
{"method":"post","url":"/v1/do/insertEntity?user=us.tarzan4123&session=42f74167411fcf563572f6ad8e30a423789d2bc9","body":{"entity":{"_id":"me.tarzanInvitesHimselfOver4123","schema":"message","description":"I would like to see Janehouse"},"links":[{"_id":"li.toJaneFromTarzanSelfInvite4123","_to":"us.jane4123","type":"share"},{"_id":"li.toJanehouseFromTarzanSelfInvite4123","_to":"pl.janehouse4123","type":"share"}]}}
{"method":"get","url":"/v1/data/messages/me.tarzanInvitesHimselfOver4123?user=us.tarzan4123&session=42f74167411fcf563572f6ad8e30a423789d2bc9"}
{"method":"get","url":"/v1/data/links/li.toJaneFromTarzanSelfInvite4123?user=us.tarzan4123&session=42f74167411fcf563572f6ad8e30a423789d2bc9"}
{"method":"get","url":"/v1/data/links/li.toJanehouseFromTarzanSelfInvite4123?user=us.tarzan4123&session=42f74167411fcf563572f6ad8e30a423789d2bc9"}
{"method":"post","url":"/v1/data/links?user=us.tarzan4123&session=42f74167411fcf563572f6ad8e30a423789d2bc9","body":{"data":{"_from":"us.tarzan4123","_to":"pl.janehouse4123","type":"watch"}}}
{"method":"post","url":"/v1/do/getEntitiesForEntity?user=us.tarzan4123&session=42f74167411fcf563572f6ad8e30a423789d2bc9","body":{"entityId":"pl.janehouse4123","cursor":{"linkTypes":["content"],"direction":"in"}}}
{"method":"post","url":"/v1/data/links/li.141018.63259.337.105737?user=us.tarzan4123&session=42f74167411fcf563572f6ad8e30a423789d2bc9","body":{"data":{"enabled":true}}}
{"method":"post","url":"/v1/data/links/li.141018.63259.337.105737?user=us.jane4123&session=102daeb4a7bf59ca1729ea65cfbd3ec11f74eeff","body":{"data":{"enabled":true}}}
{"method":"post","url":"/v1/do/getEntitiesForEntity?user=us.tarzan4123&session=42f74167411fcf563572f6ad8e30a423789d2bc9","body":{"entityId":"pl.janehouse4123","cursor":{"linkTypes":["content"],"direction":"in"}}}
{"method":"post","url":"/v1/do/insertEntity?user=us.tarzan4123&session=42f74167411fcf563572f6ad8e30a423789d2bc9","body":{"entity":{"_id":"me.tarzanInvite4123","schema":"message","type":"root","description":"Check out my treehouse"},"links":[{"_id":"li.toTreehouseFromTarzanInvite4123","_to":"pl.treehouse4123","type":"share"},{"_id":"li.toJaneFromTarzanInvite4123","_to":"us.jane4123","type":"share"}]}}
{"method":"get","url":"/v1/data/links/li.toJaneFromTarzanInvite4123"}
{"method":"get","url":"/v1/data/links/li.toTreehouseFromTarzanInvite4123"}
{"method":"post","url":"/v1/do/getMessages?user=us.jane4123&session=102daeb4a7bf59ca1729ea65cfbd3ec11f74eeff","body":{"entityId":"us.jane4123","cursor":{"limit":50,"linkTypes":["share"],"schemas":["message"],"skip":0,"sort":{"modifiedDate":-1}},"links":{"shortcuts":true,"active":[{"schema":"message","type":"share","direction":"in"}]},"log":true}}
{"method":"get","url":"/v1/do/getEntities?entityIds[0]=me.tarzanInvite4123&user=us.jane4123&session=102daeb4a7bf59ca1729ea65cfbd3ec11f74eeff"}
{"method":"get","url":"/v1/do/getEntities?entityIds[0]=me.tarzanInvitesHimselfOver4123&user=us.jane4123&session=102daeb4a7bf59ca1729ea65cfbd3ec11f74eeff"}
{"method":"post","url":"/v1/do/insertLink?user=us.jane4123&session=102daeb4a7bf59ca1729ea65cfbd3ec11f74eeff","body":{"toId":"pl.treehouse4123","fromId":"us.jane4123","type":"watch"}}
{"method":"get","url":"/v1/find/messages?user=us.jane4123&session=102daeb4a7bf59ca1729ea65cfbd3ec11f74eeff"}
{"method":"get","url":"/v1/find/messages/me.tarzanToTreehouse4123?user=us.jane4123&session=102daeb4a7bf59ca1729ea65cfbd3ec11f74eeff"}
{"method":"post","url":"/v1/do/insertEntity?user=us.jane4123&session=102daeb4a7bf59ca1729ea65cfbd3ec11f74eeff","body":{"entity":{"schema":"comment","_id":"co.janeCommentOnTarzanMsg4123","description":"Trust me, you will like bed"},"links":[{"_to":"me.tarzanToTreehouse4123","type":"content"}]}}
{"method":"post","url":"/v1/do/insertEntity?user=us.jane4123&session=102daeb4a7bf59ca1729ea65cfbd3ec11f74eeff","body":{"entity":{"schema":"message","_id":"me.janeToTreehouse4123","description":"Hmm, maybe hammock is ok afterall..."},"links":[{"_to":"pl.treehouse4123","type":"content"}]}}
{"method":"post","url":"/v1/data/messages/me.janeToTreehouse4123?user=us.jane4123&session=102daeb4a7bf59ca1729ea65cfbd3ec11f74eeff","body":{"data":{"description":"On second thought, hammock sucks"}}}
{"method":"delete","url":"/v1/data/messages/me.janeToTreehouse4123?user=us.jane4123&session=102daeb4a7bf59ca1729ea65cfbd3ec11f74eeff"}
{"method":"get","url":"/v1/data/links?query[_from]=me.janeToTreehouse4123&query[_to]=pl.treehouse4123&user=us.jane4123&session=102daeb4a7bf59ca1729ea65cfbd3ec11f74eeff"}
